[    0.000000] Linux version 4.15.0-162-generic (buildd@lcy01-amd64-007) (gcc version 7.5.0 (Ubuntu 7.5.0-3ubuntu1~18.04)) #170-Ubuntu SMP Mon Oct 18 11:38:05 UTC 2021 (Ubuntu 4.15.0-162.170-generic 4.15.18)
[    0.000000] Command line: BOOT_IMAGE=/boot/vmlinuz-4.15.0-162-generic root=LABEL=cloudimg-rootfs ro console=tty1 console=ttyS0
[    0.000000] KERNEL supported cpus:
[    0.000000]   Intel GenuineIntel
[    0.000000]   AMD AuthenticAMD
[    0.000000]   Centaur CentaurHauls
[    0.000000] [Firmware Bug]: TSC doesn't count with P0 frequency!
[    0.000000] x86/fpu: Supporting XSAVE feature 0x001: 'x87 floating point registers'
[    0.000000] x86/fpu: Supporting XSAVE feature 0x002: 'SSE registers'
[    0.000000] x86/fpu: Supporting XSAVE feature 0x004: 'AVX registers'
[    0.000000] x86/fpu: xstate_offset[2]:  576, xstate_sizes[2]:  256
[    0.000000] x86/fpu: Enabled xstate features 0x7, context size is 832 bytes, using 'standard' format.
[    0.000000] e820: BIOS-provided physical RAM map:
[    0.000000] BIOS-e820: [mem 0x0000000000000000-0x000000000009fbff] usable
[    0.000000] BIOS-e820: [mem 0x000000000009fc00-0x000000000009ffff] reserved
[    0.000000] BIOS-e820: [mem 0x00000000000f0000-0x00000000000fffff] reserved
[    0.000000] BIOS-e820: [mem 0x0000000000100000-0x000000003ffeffff] usable
[    0.000000] BIOS-e820: [mem 0x000000003fff0000-0x000000003fffffff] ACPI data
[    0.000000] BIOS-e820: [mem 0x00000000fec00000-0x00000000fec00fff] reserved
[    0.000000] BIOS-e820: [mem 0x00000000fee00000-0x00000000fee00fff] reserved
[    0.000000] BIOS-e820: [mem 0x00000000fffc0000-0x00000000ffffffff] reserved
[    0.000000] NX (Execute Disable) protection: active
[    0.000000] SMBIOS 2.5 present.
[    0.000000] DMI: innotek GmbH VirtualBox/VirtualBox, BIOS VirtualBox 12/01/2006
[    0.000000] Hypervisor detected: KVM
[    0.000000] e820: last_pfn = 0x3fff0 max_arch_pfn = 0x400000000
[    0.000000] MTRR: Disabled
[    0.000000] x86/PAT: MTRRs disabled, skipping PAT initialization too.
[    0.000000] CPU MTRRs all blank - virtualized system.
[    0.000000] x86/PAT: Configuration [0-7]: WB  WT  UC- UC  WB  WT  UC- UC  
[    0.000000] found SMP MP-table at [mem 0x0009fff0-0x0009ffff]
[    0.000000] Scanning 1 areas for low memory corruption
[    0.000000] RAMDISK: [mem 0x359cd000-0x36cddfff]
[    0.000000] ACPI: Early table checksum verification disabled
[    0.000000] ACPI: RSDP 0x00000000000E0000 000024 (v02 VBOX  )
[    0.000000] ACPI: XSDT 0x000000003FFF0030 00003C (v01 VBOX   VBOXXSDT 00000001 ASL  00000061)
[    0.000000] ACPI: FACP 0x000000003FFF00F0 0000F4 (v04 VBOX   VBOXFACP 00000001 ASL  00000061)
[    0.000000] ACPI: DSDT 0x000000003FFF0470 002325 (v02 VBOX   VBOXBIOS 00000002 INTL 20100528)
[    0.000000] ACPI: FACS 0x000000003FFF0200 000040
[    0.000000] ACPI: FACS 0x000000003FFF0200 000040
[    0.000000] ACPI: APIC 0x000000003FFF0240 00005C (v02 VBOX   VBOXAPIC 00000001 ASL  00000061)
[    0.000000] ACPI: SSDT 0x000000003FFF02A0 0001CC (v01 VBOX   VBOXCPUT 00000002 INTL 20100528)
[    0.000000] ACPI: Reserving FACP table memory at [mem 0x3fff00f0-0x3fff01e3]
[    0.000000] ACPI: Reserving DSDT table memory at [mem 0x3fff0470-0x3fff2794]
[    0.000000] ACPI: Reserving FACS table memory at [mem 0x3fff0200-0x3fff023f]
[    0.000000] ACPI: Reserving FACS table memory at [mem 0x3fff0200-0x3fff023f]
[    0.000000] ACPI: Reserving APIC table memory at [mem 0x3fff0240-0x3fff029b]
[    0.000000] ACPI: Reserving SSDT table memory at [mem 0x3fff02a0-0x3fff046b]
[    0.000000] No NUMA configuration found
[    0.000000] Faking a node at [mem 0x0000000000000000-0x000000003ffeffff]
[    0.000000] NODE_DATA(0) allocated [mem 0x3ffc5000-0x3ffeffff]
[    0.000000] kvm-clock: cpu 0, msr 0:3ff44001, primary cpu clock
[    0.000000] kvm-clock: Using msrs 4b564d01 and 4b564d00
[    0.000000] kvm-clock: using sched offset of 3244280869 cycles
[    0.000000] clocksource: kvm-clock: mask: 0xffffffffffffffff max_cycles: 0x1cd42e4dffb, max_idle_ns: 881590591483 ns
[    0.000000] Zone ranges:
[    0.000000]   DMA      [mem 0x0000000000001000-0x0000000000ffffff]
[    0.000000]   DMA32    [mem 0x0000000001000000-0x000000003ffeffff]
[    0.000000]   Normal   empty
[    0.000000]   Device   empty
[    0.000000] Movable zone start for each node
[    0.000000] Early memory node ranges
[    0.000000]   node   0: [mem 0x0000000000001000-0x000000000009efff]
[    0.000000]   node   0: [mem 0x0000000000100000-0x000000003ffeffff]
[    0.000000] Reserved but unavailable: 104 pages
[    0.000000] Initmem setup node 0 [mem 0x0000000000001000-0x000000003ffeffff]
[    0.000000] ACPI: PM-Timer IO Port: 0x4008
[    0.000000] IOAPIC[0]: apic_id 2, version 32, address 0xfec00000, GSI 0-23
[    0.000000] ACPI: INT_SRC_OVR (bus 0 bus_irq 0 global_irq 2 dfl dfl)
[    0.000000] ACPI: INT_SRC_OVR (bus 0 bus_irq 9 global_irq 9 low level)
[    0.000000] Using ACPI (MADT) for SMP configuration information
[    0.000000] smpboot: Allowing 2 CPUs, 0 hotplug CPUs
[    0.000000] PM: Registered nosave memory: [mem 0x00000000-0x00000fff]
[    0.000000] PM: Registered nosave memory: [mem 0x0009f000-0x0009ffff]
[    0.000000] PM: Registered nosave memory: [mem 0x000a0000-0x000effff]
[    0.000000] PM: Registered nosave memory: [mem 0x000f0000-0x000fffff]
[    0.000000] e820: [mem 0x40000000-0xfebfffff] available for PCI devices
[    0.000000] Booting paravirtualized kernel on KVM
[    0.000000] clocksource: refined-jiffies: mask: 0xffffffff max_cycles: 0xffffffff, max_idle_ns: 7645519600211568 ns
[    0.000000] random: get_random_bytes called from start_kernel+0x99/0x500 with crng_init=0
[    0.000000] setup_percpu: NR_CPUS:8192 nr_cpumask_bits:2 nr_cpu_ids:2 nr_node_ids:1
[    0.000000] percpu: Embedded 45 pages/cpu s147456 r8192 d28672 u1048576
[    0.000000] PV qspinlock hash table entries: 256 (order: 0, 4096 bytes)
[    0.000000] Built 1 zonelists, mobility grouping on.  Total pages: 257913
[    0.000000] Policy zone: DMA32
[    0.000000] Kernel command line: BOOT_IMAGE=/boot/vmlinuz-4.15.0-162-generic root=LABEL=cloudimg-rootfs ro console=tty1 console=ttyS0
[    0.000000] Memory: 982712K/1048120K available (12300K kernel code, 2483K rwdata, 4320K rodata, 2448K init, 2724K bss, 65408K reserved, 0K cma-reserved)
[    0.000000] SLUB: HWalign=64, Order=0-3, MinObjects=0, CPUs=2, Nodes=1
[    0.000000] ftrace: allocating 39475 entries in 155 pages
[    0.004000] Hierarchical RCU implementation.
[    0.004000] 	RCU restricting CPUs from NR_CPUS=8192 to nr_cpu_ids=2.
[    0.004000] 	Tasks RCU enabled.
[    0.004000] RCU: Adjusting geometry for rcu_fanout_leaf=16, nr_cpu_ids=2
[    0.004000] NR_IRQS: 524544, nr_irqs: 440, preallocated irqs: 16
[    0.004000] Console: colour VGA+ 80x25
[    0.004000] console [tty1] enabled
[    0.004000] console [ttyS0] enabled
[    0.004000] ACPI: Core revision 20170831
[    0.004000] ACPI: 2 ACPI AML tables successfully acquired and loaded
[    0.004000] APIC: Switch to symmetric I/O mode setup
[    0.004000] x2apic enabled
[    0.004000] Switched APIC routing to physical x2apic.
[    0.004000] ..TIMER: vector=0x30 apic1=0 pin1=2 apic2=-1 pin2=-1
[    0.004000] tsc: Detected 2894.558 MHz processor
[    0.004000] Calibrating delay loop (skipped) preset value.. 5789.11 BogoMIPS (lpj=11578232)
[    0.004000] pid_max: default: 32768 minimum: 301
[    0.004000] Security Framework initialized
[    0.004000] Yama: becoming mindful.
[    0.004000] AppArmor: AppArmor initialized
[    0.004000] Dentry cache hash table entries: 131072 (order: 8, 1048576 bytes)
[    0.004000] Inode-cache hash table entries: 65536 (order: 7, 524288 bytes)
[    0.004000] Mount-cache hash table entries: 2048 (order: 2, 16384 bytes)
[    0.004000] Mountpoint-cache hash table entries: 2048 (order: 2, 16384 bytes)
[    0.004000] Last level iTLB entries: 4KB 1024, 2MB 1024, 4MB 512
[    0.004000] Last level dTLB entries: 4KB 2048, 2MB 2048, 4MB 1024, 1GB 0
[    0.004000] Spectre V1 : Mitigation: usercopy/swapgs barriers and __user pointer sanitization
[    0.004000] Spectre V2 : Spectre mitigation: LFENCE not serializing, switching to generic retpoline
[    0.004000] Spectre V2 : Mitigation: Full generic retpoline
[    0.004000] Spectre V2 : Spectre v2 / SpectreRSB mitigation: Filling RSB on context switch
[    0.004000] Speculative Store Bypass: Mitigation: Speculative Store Bypass disabled via prctl and seccomp
[    0.004000] Freeing SMP alternatives memory: 36K
[    0.130107] APIC calibration not consistent with PM-Timer: 110ms instead of 100ms
[    0.131095] APIC delta adjusted to PM-Timer: 6345191 (7000089)
[    0.131878] smpboot: CPU0: AMD Ryzen 7 4800H with Radeon Graphics (family: 0x17, model: 0x60, stepping: 0x1)
[    0.132000] Performance Events: PMU not available due to virtualization, using software events only.
[    0.132000] Hierarchical SRCU implementation.
[    0.132000] NMI watchdog: Perf event create on CPU 0 failed with -2
[    0.132005] NMI watchdog: Perf NMI watchdog permanently disabled
[    0.132858] smp: Bringing up secondary CPUs ...
[    0.133503] x86: Booting SMP configuration:
[    0.134044] .... node  #0, CPUs:      #1
[    0.004000] kvm-clock: cpu 1, msr 0:3ff44041, secondary cpu clock
[    0.136018] smp: Brought up 1 node, 2 CPUs
[    0.136557] smpboot: Max logical packages: 1
[    0.137117] smpboot: Total of 2 processors activated (11578.23 BogoMIPS)
[    0.140046] devtmpfs: initialized
[    0.140503] x86/mm: Memory block size: 128MB
[    0.141198] evm: security.selinux
[    0.141683] evm: security.SMACK64
[    0.142134] evm: security.SMACK64EXEC
[    0.142615] evm: security.SMACK64TRANSMUTE
[    0.143151] evm: security.SMACK64MMAP
[    0.143635] evm: security.apparmor
[    0.144000] evm: security.ima
[    0.144000] evm: security.capability
[    0.144067] clocksource: jiffies: mask: 0xffffffff max_cycles: 0xffffffff, max_idle_ns: 7645041785100000 ns
[    0.145201] futex hash table entries: 512 (order: 3, 32768 bytes)
[    0.145201] pinctrl core: initialized pinctrl subsystem
[    0.145201] RTC time:  4:03:55, date: 11/13/21
[    0.145832] NET: Registered protocol family 16
[    0.146451] audit: initializing netlink subsys (disabled)
[    0.148027] audit: type=2000 audit(1636776239.958:1): state=initialized audit_enabled=0 res=1
[    0.149098] cpuidle: using governor ladder
[    0.149098] cpuidle: using governor menu
[    0.152059] ACPI: bus type PCI registered
[    0.152605] acpiphp: ACPI Hot Plug PCI Controller Driver version: 0.5
[    0.152605] PCI: Using configuration type 1 for base access
[    0.152781] PCI: Using configuration type 1 for extended access
[    0.156032] HugeTLB registered 2.00 MiB page size, pre-allocated 0 pages
[    0.156945] ACPI: Added _OSI(Module Device)
[    0.156945] ACPI: Added _OSI(Processor Device)
[    0.156945] ACPI: Added _OSI(3.0 _SCP Extensions)
[    0.157212] ACPI: Added _OSI(Processor Aggregator Device)
[    0.157926] ACPI: Added _OSI(Linux-Dell-Video)
[    0.158510] ACPI: Added _OSI(Linux-Lenovo-NV-HDMI-Audio)
[    0.159223] ACPI: Added _OSI(Linux-HPI-Hybrid-Graphics)
[    0.160207] ACPI: Executed 1 blocks of module-level executable AML code
[    0.163141] ACPI: Interpreter enabled
[    0.163650] ACPI: (supports S0 S5)
[    0.164000] ACPI: Using IOAPIC for interrupt routing
[    0.164170] PCI: Using host bridge windows from ACPI; if necessary, use "pci=nocrs" and report a bug
[    0.165464] ACPI: Enabled 2 GPEs in block 00 to 07
[    0.170459] ACPI: PCI Root Bridge [PCI0] (domain 0000 [bus 00-ff])
[    0.171232] acpi PNP0A03:00: _OSC: OS supports [ExtendedConfig ASPM ClockPM Segments MSI]
[    0.172623] acpi PNP0A03:00: _OSC: platform does not support [PCIeCapability]
[    0.173799] acpi PNP0A03:00: _OSC: not requesting control; platform does not support [PCIeCapability]
[    0.175528] acpi PNP0A03:00: _OSC: OS requested [PCIeHotplug PME AER PCIeCapability]
[    0.176006] acpi PNP0A03:00: _OSC: platform willing to grant [PCIeHotplug PME AER]
[    0.176948] acpi PNP0A03:00: _OSC failed (AE_SUPPORT); disabling ASPM
[    0.178079] PCI host bridge to bus 0000:00
[    0.178727] pci_bus 0000:00: root bus resource [io  0x0000-0x0cf7 window]
[    0.180005] pci_bus 0000:00: root bus resource [io  0x0d00-0xffff window]
[    0.180891] pci_bus 0000:00: root bus resource [mem 0x000a0000-0x000bffff window]
[    0.181934] pci_bus 0000:00: root bus resource [mem 0x40000000-0xfdffffff window]
[    0.182957] pci_bus 0000:00: root bus resource [bus 00-ff]
[    0.185346] pci 0000:00:01.1: legacy IDE quirk: reg 0x10: [io  0x01f0-0x01f7]
[    0.186334] pci 0000:00:01.1: legacy IDE quirk: reg 0x14: [io  0x03f6]
[    0.187211] pci 0000:00:01.1: legacy IDE quirk: reg 0x18: [io  0x0170-0x0177]
[    0.188005] pci 0000:00:01.1: legacy IDE quirk: reg 0x1c: [io  0x0376]
[    0.202062] pci 0000:00:07.0: quirk: [io  0x4000-0x403f] claimed by PIIX4 ACPI
[    0.202991] pci 0000:00:07.0: quirk: [io  0x4100-0x410f] claimed by PIIX4 SMB
[    0.212298] ACPI: PCI Interrupt Link [LNKA] (IRQs 5 9 10 *11)
[    0.213253] ACPI: PCI Interrupt Link [LNKB] (IRQs 5 9 *10 11)
[    0.214049] ACPI: PCI Interrupt Link [LNKC] (IRQs 5 *9 10 11)
[    0.214853] ACPI: PCI Interrupt Link [LNKD] (IRQs 5 9 10 *11)
[    0.215807] SCSI subsystem initialized
[    0.216027] pci 0000:00:02.0: vgaarb: setting as boot VGA device
[    0.216833] pci 0000:00:02.0: vgaarb: VGA device added: decodes=io+mem,owns=io+mem,locks=none
[    0.217989] pci 0000:00:02.0: vgaarb: bridge control possible
[    0.218774] vgaarb: loaded
[    0.219214] ACPI: bus type USB registered
[    0.219794] usbcore: registered new interface driver usbfs
[    0.220021] usbcore: registered new interface driver hub
[    0.220730] usbcore: registered new device driver usb
[    0.224027] EDAC MC: Ver: 3.0.0
[    0.224606] PCI: Using ACPI for IRQ routing
[    0.224768] NetLabel: Initializing
[    0.225233] NetLabel:  domain hash size = 128
[    0.225806] NetLabel:  protocols = UNLABELED CIPSOv4 CALIPSO
[    0.226518] NetLabel:  unlabeled traffic allowed by default
[    0.228070] clocksource: Switched to clocksource kvm-clock
[    0.236051] VFS: Disk quotas dquot_6.6.0
[    0.236051] VFS: Dquot-cache hash table entries: 512 (order 0, 4096 bytes)
[    0.236051] AppArmor: AppArmor Filesystem Enabled
[    0.236051] pnp: PnP ACPI init
[    0.236051] pnp: PnP ACPI: found 3 devices
[    0.250190] clocksource: acpi_pm: mask: 0xffffff max_cycles: 0xffffff, max_idle_ns: 2085701024 ns
[    0.251380] NET: Registered protocol family 2
[    0.251974] IP idents hash table entries: 16384 (order: 5, 131072 bytes)
[    0.252919] TCP established hash table entries: 8192 (order: 4, 65536 bytes)
[    0.253803] TCP bind hash table entries: 8192 (order: 5, 131072 bytes)
[    0.254610] TCP: Hash tables configured (established 8192 bind 8192)
[    0.255445] UDP hash table entries: 512 (order: 2, 16384 bytes)
[    0.256220] UDP-Lite hash table entries: 512 (order: 2, 16384 bytes)
[    0.257068] NET: Registered protocol family 1
[    0.257644] pci 0000:00:00.0: Limiting direct PCI/PCI transfers
[    0.258385] pci 0000:00:01.0: Activating ISA DMA hang workarounds
[    0.259170] pci 0000:00:02.0: Video device with shadowed ROM at [mem 0x000c0000-0x000dffff]
[    0.260306] Unpacking initramfs...
[    0.261022] Freeing initrd memory: 19524K
[    0.261022] clocksource: tsc: mask: 0xffffffffffffffff max_cycles: 0x29b92e1ecde, max_idle_ns: 440795300662 ns
[    0.261022] platform rtc_cmos: registered platform RTC device (no PNP device found)
[    0.261022] Scanning for low memory corruption every 60 seconds
[    0.461499] Initialise system trusted keyrings
[    0.462119] Key type blacklist registered
[    0.462753] workingset: timestamp_bits=36 max_order=18 bucket_order=0
[    0.464437] zbud: loaded
[    0.465809] squashfs: version 4.0 (2009/01/31) Phillip Lougher
[    0.466755] fuse init (API version 7.26)
[    0.471788] Key type asymmetric registered
[    0.472374] Asymmetric key parser 'x509' registered
[    0.473031] Block layer SCSI generic (bsg) driver version 0.4 loaded (major 246)
[    0.474050] io scheduler noop registered
[    0.474621] io scheduler deadline registered
[    0.475345] io scheduler cfq registered (default)
[    0.476190] ACPI: AC Adapter [AC] (on-line)
[    0.476796] input: Power Button as /devices/LNXSYSTM:00/LNXPWRBN:00/input/input0
[    0.477854] ACPI: Power Button [PWRF]
[    0.478421] input: Sleep Button as /devices/LNXSYSTM:00/LNXSLPBN:00/input/input1
[    0.479424] ACPI: Sleep Button [SLPF]
[    0.480284] Serial: 8250/16550 driver, 32 ports, IRQ sharing enabled
[    0.480663] ACPI: Battery Slot [BAT0] (battery present)
[    0.502824] 00:02: ttyS0 at I/O 0x3f8 (irq = 4, base_baud = 115200) is a 16550A
[    0.506687] Linux agpgart interface v0.103
[    0.508664] loop: module loaded
[    0.509518] scsi host0: ata_piix
[    0.510111] scsi host1: ata_piix
[    0.510593] ata1: PATA max UDMA/33 cmd 0x1f0 ctl 0x3f6 bmdma 0xd000 irq 14
[    0.511442] ata2: PATA max UDMA/33 cmd 0x170 ctl 0x376 bmdma 0xd008 irq 15
[    0.512347] libphy: Fixed MDIO Bus: probed
[    0.512907] tun: Universal TUN/TAP device driver, 1.6
[    0.513643] PPP generic driver version 2.4.2
[    0.514283] ehci_hcd: USB 2.0 'Enhanced' Host Controller (EHCI) Driver
[    0.515149] ehci-pci: EHCI PCI platform driver
[    0.515761] ehci-platform: EHCI generic platform driver
[    0.516465] ohci_hcd: USB 1.1 'Open' Host Controller (OHCI) Driver
[    0.517277] ohci-pci: OHCI PCI platform driver
[    0.517893] ohci-platform: OHCI generic platform driver
[    0.518655] uhci_hcd: USB Universal Host Controller Interface driver
[    0.519503] i8042: PNP: PS/2 Controller [PNP0303:PS2K,PNP0f03:PS2M] at 0x60,0x64 irq 1,12
[    0.520997] serio: i8042 KBD port at 0x60,0x64 irq 1
[    0.521640] serio: i8042 AUX port at 0x60,0x64 irq 12
[    0.522405] mousedev: PS/2 mouse device common for all mice
[    0.523359] input: AT Translated Set 2 keyboard as /devices/platform/i8042/serio0/input/input2
[    0.524266] rtc_cmos rtc_cmos: rtc core: registered rtc_cmos as rtc0
[    0.525683] rtc_cmos rtc_cmos: alarms up to one day, 114 bytes nvram
[    0.527151] i2c /dev entries driver
[    0.527667] device-mapper: uevent: version 1.0.3
[    0.528410] device-mapper: ioctl: 4.37.0-ioctl (2017-09-20) initialised: dm-devel@redhat.com
[    0.529503] ledtrig-cpu: registered to indicate activity on CPUs
[    0.530635] NET: Registered protocol family 10
[    0.533605] Segment Routing with IPv6
[    0.534184] NET: Registered protocol family 17
[    0.534917] Key type dns_resolver registered
[    0.535714] mce: Using 0 MCE banks
[    0.536223] RAS: Correctable Errors collector initialized.
[    0.536929] sched_clock: Marking stable (536913025, 0)->(657537912, -120624887)
[    0.538180] registered taskstats version 1
[    0.538731] Loading compiled-in X.509 certificates
[    0.540806] Loaded X.509 cert 'Build time autogenerated kernel key: ebed311aedd59d9a851620769f4a146e4e1d43c6'
[    0.542401] Loaded X.509 cert 'Canonical Ltd. Live Patch Signing: 14df34d1a87cf37625abec039ef2bf521249b969'
[    0.543939] Loaded X.509 cert 'Canonical Ltd. Kernel Module Signing: 88f752e560a1e0737e31163a466ad7b70a850c19'
[    0.545192] zswap: loaded using pool lzo/zbud
[    0.548013] Key type big_key registered
[    0.548601] Key type trusted registered
[    0.550295] Key type encrypted registered
[    0.550877] AppArmor: AppArmor sha1 policy hashing enabled
[    0.551549] ima: No TPM chip found, activating TPM-bypass! (rc=-19)
[    0.552300] ima: Allocated hash algorithm: sha1
[    0.552890] evm: HMAC attrs: 0x1
[    0.553500]   Magic number: 13:940:59
[    0.554044] rtc_cmos rtc_cmos: setting system clock to 2021-11-13 04:03:55 UTC (1636776235)
[    0.555185] BIOS EDD facility v0.16 2004-Jun-25, 0 devices found
[    0.555943] EDD information not available.
[    1.022162] Freeing unused kernel image memory: 2448K
[    1.196886] Write protecting the kernel read-only data: 20480k
[    1.198640] Freeing unused kernel image memory: 2008K
[    1.199564] Freeing unused kernel image memory: 1824K
[    1.205501] x86/mm: Checked W+X mappings: passed, no W+X pages found.
Loading, please wait...
starting version 237
[    1.251875] e1000: Intel(R) PRO/1000 Network Driver - version 7.3.21-k8-NAPI
[    1.252799] e1000: Copyright (c) 1999-2006 Intel Corporation.
[    1.255535] Fusion MPT base driver 3.04.20
[    1.256105] Copyright (c) 1999-2008 LSI Corporation
[    1.262251] Fusion MPT SPI Host driver 3.04.20
[    1.270587] AVX2 version of gcm_enc/dec engaged.
[    1.271269] AES CTR mode by8 optimization enabled
[    1.466538] input: ImExPS/2 Generic Explorer Mouse as /devices/platform/i8042/serio1/input/input4
[    1.618798] e1000 0000:00:03.0 eth0: (PCI:33MHz:32-bit) 02:38:bc:e5:bf:66
[    1.619658] e1000 0000:00:03.0 eth0: Intel(R) PRO/1000 Network Connection
[    1.968196] e1000 0000:00:08.0 eth1: (PCI:33MHz:32-bit) 08:00:27:e8:14:4a
[    1.969389] e1000 0000:00:08.0 eth1: Intel(R) PRO/1000 Network Connection
[    1.971182] e1000 0000:00:03.0 enp0s3: renamed from eth0
[    1.972097] mptbase: ioc0: Initiating bringup
[    1.984385] e1000 0000:00:08.0 enp0s8: renamed from eth1
[    2.077010] ioc0: LSI53C1030 A0: Capabilities={Initiator}
[    2.350866] scsi host2: ioc0: LSI53C1030 A0, FwRev=00000000h, Ports=1, MaxQ=256, IRQ=20
[    2.516845] scsi 2:0:0:0: Direct-Access     VBOX     HARDDISK         1.0  PQ: 0 ANSI: 5
[    2.548571] scsi target2:0:0: Beginning Domain Validation
[    2.551357] scsi target2:0:0: Domain Validation skipping write tests
[    2.552137] scsi target2:0:0: Ending Domain Validation
[    2.552856] scsi target2:0:0: asynchronous
[    2.554487] scsi 2:0:1:0: Direct-Access     VBOX     HARDDISK         1.0  PQ: 0 ANSI: 5
[    2.677400] scsi target2:0:1: Beginning Domain Validation
[    2.680333] random: fast init done
[    2.680944] scsi target2:0:1: Domain Validation skipping write tests
[    2.681852] scsi target2:0:1: Ending Domain Validation
[    2.682770] scsi target2:0:1: asynchronous
[    2.687602] random: systemd-udevd: uninitialized urandom read (16 bytes read)
[    2.688556] random: systemd-udevd: uninitialized urandom read (16 bytes read)
[    2.689440] random: systemd-udevd: uninitialized urandom read (16 bytes read)
[    2.690541] sd 2:0:0:0: Attached scsi generic sg0 type 0
[    2.690670] sd 2:0:0:0: [sda] 83886080 512-byte logical blocks: (42.9 GB/40.0 GiB)
[    2.692407] sd 2:0:0:0: [sda] Write Protect is off
[    2.693097] sd 2:0:1:0: Attached scsi generic sg1 type 0
[    2.693367] sd 2:0:0:0: [sda] Incomplete mode parameter data
[    2.694656] sd 2:0:0:0: [sda] Assuming drive cache: write through
[    2.695510] sd 2:0:1:0: [sdb] 20480 512-byte logical blocks: (10.5 MB/10.0 MiB)
[    2.696638]  sda: sda1
[    2.697046] sd 2:0:1:0: [sdb] Write Protect is off
[    2.697448] sd 2:0:0:0: [sda] Attached SCSI disk
[    2.698466] sd 2:0:1:0: [sdb] Incomplete mode parameter data
[    2.699327] sd 2:0:1:0: [sdb] Assuming drive cache: write through
[    2.702384] sd 2:0:1:0: [sdb] Attached SCSI disk
Begin: Loading essential drivers ... [    4.092221] raid6: sse2x1   gen()  8709 MB/s
[    4.140064] raid6: sse2x1   xor()  8638 MB/s
[    4.188940] raid6: sse2x2   gen() 17346 MB/s
[    4.236838] raid6: sse2x2   xor() 11641 MB/s
[    4.284679] raid6: sse2x4   gen() 18808 MB/s
[    4.333574] raid6: sse2x4   xor() 10609 MB/s
[    4.381430] raid6: avx2x1   gen() 20501 MB/s
[    4.429341] raid6: avx2x1   xor() 17071 MB/s
[    4.476208] raid6: avx2x2   gen() 36656 MB/s
[    4.525080] raid6: avx2x2   xor() 22284 MB/s
[    4.573924] raid6: avx2x4   gen() 38352 MB/s
[    4.621809] raid6: avx2x4   xor() 18046 MB/s
[    4.622468] raid6: using algorithm avx2x4 gen() 38352 MB/s
[    4.623191] raid6: .... xor() 18046 MB/s, rmw enabled
[    4.623828] raid6: using avx2x2 recovery algorithm
[    4.625149] xor: automatically using best checksumming function   avx       
[    4.626749] async_tx: api initialized (async)
done.
Begin: Running /scripts/init-premount ... done.
Begin: Mounting root file system ... Begin: Running /scripts/local-top ... done.
Begin: Running /scripts/local-premount ... [    4.657743] Btrfs loaded, crc32c=crc32c-intel
Scanning for Btrfs filesystems
done.
Warning: fsck not present, so skipping root file system
[    4.677806] EXT4-fs (sda1): mounted filesystem with ordered data mode. Opts: (null)
done.
Begin: Running /scripts/local-bottom ... done.
Begin: Running /scripts/init-bottom ... done.
[    4.801470] ip_tables: (C) 2000-2006 Netfilter Core Team
[    4.808698] systemd[1]: systemd 237 running in system mode. (+PAM +AUDIT +SELINUX +IMA +APPARMOR +SMACK +SYSVINIT +UTMP +LIBCRYPTSETUP +GCRYPT +GNUTLS +ACL +XZ +LZ4 +SECCOMP +BLKID +ELFUTILS +KMOD -IDN2 +IDN -PCRE2 default-hierarchy=hybrid)
[    4.811492] systemd[1]: Detected virtualization oracle.
[    4.812153] systemd[1]: Detected architecture x86-64.

Welcome to [1mUbuntu 18.04.6 LTS[0m!

[    4.817574] systemd[1]: Set hostname to <ubuntu>.
[    4.820804] systemd[1]: Initializing machine ID from random generator.
[    4.821677] systemd[1]: Installed transient /etc/machine-id file.
[    5.036047] systemd[1]: Reached target User and Group Name Lookups.
[[0;32m  OK  [0m] Reached target User and Group Name Lookups.
[    5.037355] systemd[1]: Reached target Swap.
[[0;32m  OK  [0m] Reached target Swap.
[    5.039129] systemd[1]: Created slice User and Session Slice.
[[0;32m  OK  [0m] Created slice User and Session Slice.
[    5.053045] systemd[1]: Reached target System Time Synchronized.
[[0;32m  OK  [0m] Reached target System Time Synchronized.
[[0;32m  OK  [0m] Started Forward Password Requests to Wall Directory Watch.
[[0;32m  OK  [0m] Created slice System Slice.
[[0;32m  OK  [0m] Listening on Journal Audit Socket.
[[0;32m  OK  [0m] Listening on udev Kernel Socket.
[[0;32m  OK  [0m] Listening on Journal Socket.
[[0;32m  OK  [0m] Listening on LVM2 poll daemon socket.
         Starting Load Kernel Modules...
[[0;32m  OK  [0m] Listening on LVM2 metadata daemon socket.
[[0;32m  OK  [0m] Listening on fsck to fsckd communication Socket.
         Starting File System Check on Root Device...
[[0;32m  OK  [0m] Listening on /dev/initctl Compatibility Named Pipe.
         Starting Create list of required st…ce nodes for the current kernel...
         Starting Set the console keyboard layout...
[[0;32m  OK  [0m] Listening on udev Control Socket.
[[0;32m  OK  [0m] Created slice system-serial\x2dgetty.slice.
         Starting udev Coldplug all Devices...
[    5.090203] Loading iSCSI transport class v2.0-870.
         Mounting POSIX Message Queue File System...
[    5.096508] iscsi: registered transport (tcp)
[[0;32m  OK  [0m] Listening on Device-mapper event daemon FIFOs.
[[0;32m  OK  [0m] Listening on Network Service Netlink Socket.
         Starting Uncomplicated firewall...
         Mounting Huge Pages File System...
[[0;32m  OK  [0m] Set up automount Arbitrary Executab…rmats File System Automount Point.
[[0;32m  OK  [0m] Listening on Syslog Socket.
[[0;32m  OK  [0m] Reached target Slices.
         Mounting Kernel Debug File System...
[    5.170978] iscsi: registered transport (iser)
[[0;32m  OK  [0m] Listening on Journal Socket (/dev/log).
         Starting Journal Service...
         Starting Monitoring of LVM2 mirrors…ng dmeventd or progress polling...
[[0;32m  OK  [0m] Started Load Kernel Modules.
[[0;32m  OK  [0m] Started Create list of required sta…vice nodes for the current kernel.
[[0;32m  OK  [0m] Started Uncomplicated firewall.
[[0;32m  OK  [0m] Started File System Check Daemon to report status.
         Starting Create Static Device Nodes in /dev...
         Mounting FUSE Control File System...
         Starting Apply Kernel Variables...
         Mounting Kernel Configuration File System...
[[0;32m  OK  [0m] Mounted POSIX Message Queue File System.
[[0;32m  OK  [0m] Mounted Huge Pages File System.
[[0;32m  OK  [0m] Mounted Kernel Debug File System.
[[0;32m  OK  [0m] Started udev Coldplug all Devices.
[[0;32m  OK  [0m] Mounted FUSE Control File System.
[[0;32m  OK  [0m] Mounted Kernel Configuration File System.
[[0;32m  OK  [0m] Started LVM2 metadata daemon.
[[0;32m  OK  [0m] Started Journal Service.
[[0;32m  OK  [0m] Started Create Static Device Nodes in /dev.
[[0;32m  OK  [0m] Started File System Check on Root Device.
         Starting Remount Root and Kernel File Systems...
[[0;32m  OK  [0m] Started Apply Kernel Variables.
[[0;32m  OK  [0m] Started Remount Root and Kernel File Systems.
         Starting udev Kernel Device Manager...
         Starting Flush Journal to Persistent Storage...
         Starting Load/Save Random Seed...
[[0;32m  OK  [0m] Started Monitoring of LVM2 mirrors,…sing dmeventd or progress polling.
[[0;32m  OK  [0m] Started udev Kernel Device Manager.
[[0;32m  OK  [0m] Started Load/Save Random Seed.
[[0;32m  OK  [0m] Started Set the console keyboard layout.
[[0;32m  OK  [0m] Started Dispatch Password Requests to Console Directory Watch.
[[0;32m  OK  [0m] Reached target Local Encrypted Volumes.
[[0;32m  OK  [0m] Reached target Local File Systems (Pre).
[[0;32m  OK  [0m] Reached target Local File Systems.
         Starting ebtables ruleset management...
         Starting AppArmor initialization...
         Starting Commit a transient machine-id on disk...
         Starting Tell Plymouth To Write Out Runtime Data...
         Starting Set console font and keymap...
[[0;32m  OK  [0m] Started Flush Journal to Persistent Storage.
         Starting Create Volatile Files and Directories...
[[0;32m  OK  [0m] Started Tell Plymouth To Write Out Runtime Data.
[[0;32m  OK  [0m] Started Set console font and keymap.
[[0;32m  OK  [0m] Started Create Volatile Files and Directories.
         Starting Update UTMP about System Boot/Shutdown...
[[0;32m  OK  [0m] Started Update UTMP about System Boot/Shutdown.
[[0;32m  OK  [0m] Started Commit a transient machine-id on disk.
[[0;32m  OK  [0m] Found device /dev/ttyS0.
[[0;32m  OK  [0m] Started ebtables ruleset management.
[[0;32m  OK  [0m] Listening on Load/Save RF Kill Switch Status /dev/rfkill Watch.
[[0;32m  OK  [0m] Started AppArmor initialization.
         Starting Initial cloud-init job (pre-networking)...
         Starting Load AppArmor profiles managed internally by snapd...
[[0;32m  OK  [0m] Started Load AppArmor profiles managed internally by snapd.
[    7.517204] cloud-init[591]: Cloud-init v. 21.3-1-g6803368d-0ubuntu1~18.04.4 running 'init-local' at Sat, 13 Nov 2021 04:04:02 +0000. Up 7.21 seconds.
[[0;32m  OK  [0m] Started Initial cloud-init job (pre-networking).
[[0;32m  OK  [0m] Reached target Network (Pre).
         Starting Network Service...
[[0;32m  OK  [0m] Started Network Service.
         Starting Wait for Network to be Configured...
         Starting Network Name Resolution...
[[0;32m  OK  [0m] Started Network Name Resolution.
[[0;32m  OK  [0m] Reached target Network.
[[0;32m  OK  [0m] Reached target Host and Network Name Lookups.
[[0;32m  OK  [0m] Started Wait for Network to be Configured.
         Starting Initial cloud-init job (metadata service crawler)...
[    9.510450] cloud-init[715]: Cloud-init v. 21.3-1-g6803368d-0ubuntu1~18.04.4 running 'init' at Sat, 13 Nov 2021 04:04:04 +0000. Up 9.38 seconds.
[    9.524302] cloud-init[715]: ci-info: ++++++++++++++++++++++++++++++++++++++Net device info+++++++++++++++++++++++++++++++++++++++
[    9.536470] cloud-init[715]: ci-info: +--------+-------+----------------------------+---------------+--------+-------------------+
[    9.537094] cloud-init[715]: ci-info: | Device |   Up  |          Address           |      Mask     | Scope  |     Hw-Address    |
[    9.537797] cloud-init[715]: ci-info: +--------+-------+----------------------------+---------------+--------+-------------------+
[    9.538472] cloud-init[715]: ci-info: | enp0s3 |  True |         10.0.2.15          | 255.255.255.0 | global | 02:38:bc:e5:bf:66 |
[    9.539156] cloud-init[715]: ci-info: | enp0s3 |  True | fe80::38:bcff:fee5:bf66/64 |       .       |  link  | 02:38:bc:e5:bf:66 |
[    9.539822] cloud-init[715]: ci-info: | enp0s8 | False |             .              |       .       |   .    | 08:00:27:e8:14:4a |
[    9.540605] cloud-init[715]: ci-info: |   lo   |  True |         127.0.0.1          |   255.0.0.0   |  host  |         .         |
[    9.552215] cloud-init[715]: ci-info: |   lo   |  True |          ::1/128           |       .       |  host  |         .         |
[    9.552797] cloud-init[715]: ci-info: +--------+-------+----------------------------+---------------+--------+-------------------+
[    9.564487] cloud-init[715]: ci-info: ++++++++++++++++++++++++++++Route IPv4 info+++++++++++++++++++++++++++++
[    9.565101] cloud-init[715]: ci-info: +-------+-------------+----------+-----------------+-----------+-------+
[    9.565765] cloud-init[715]: ci-info: | Route | Destination | Gateway  |     Genmask     | Interface | Flags |
[    9.566392] cloud-init[715]: ci-info: +-------+-------------+----------+-----------------+-----------+-------+
[    9.566979] cloud-init[715]: ci-info: |   0   |   0.0.0.0   | 10.0.2.2 |     0.0.0.0     |   enp0s3  |   UG  |
[    9.567559] cloud-init[715]: ci-info: |   1   |   10.0.2.0  | 0.0.0.0  |  255.255.255.0  |   enp0s3  |   U   |
[    9.568212] cloud-init[715]: ci-info: |   2   |   10.0.2.2  | 0.0.0.0  | 255.255.255.255 |   enp0s3  |   UH  |
[    9.568769] cloud-init[715]: ci-info: +-------+-------------+----------+-----------------+-----------+-------+
[    9.580250] cloud-init[715]: ci-info: +++++++++++++++++++Route IPv6 info+++++++++++++++++++
[    9.580698] cloud-init[715]: ci-info: +-------+-------------+---------+-----------+-------+
[    9.581134] cloud-init[715]: ci-info: | Route | Destination | Gateway | Interface | Flags |
[    9.581580] cloud-init[715]: ci-info: +-------+-------------+---------+-----------+-------+
[    9.582138] cloud-init[715]: ci-info: |   1   |  fe80::/64  |    ::   |   enp0s3  |   U   |
[    9.582726] cloud-init[715]: ci-info: |   3   |    local    |    ::   |   enp0s3  |   U   |
[    9.605608] cloud-init[715]: ci-info: |   4   |   ff00::/8  |    ::   |   enp0s3  |   U   |
[    9.606252] cloud-init[715]: ci-info: +-------+-------------+---------+-----------+-------+
[   10.893403] cloud-init[715]: Generating public/private rsa key pair.
[   10.904674] cloud-init[715]: Your identification has been saved in /etc/ssh/ssh_host_rsa_key.
[   10.905261] cloud-init[715]: Your public key has been saved in /etc/ssh/ssh_host_rsa_key.pub.
[   10.921420] cloud-init[715]: The key fingerprint is:
[   10.921848] cloud-init[715]: SHA256:jx2jbgs0sXhAOYugxTLkle0NziWdEgkiJbrNs0gmbCo root@ubuntu-bionic
[   10.922425] cloud-init[715]: The key's randomart image is:
[   10.922746] cloud-init[715]: +---[RSA 2048]----+
[   10.923037] cloud-init[715]: |+=.o=o+ .        |
[   10.934066] cloud-init[715]: |B.=oo* +         |
[   10.946263] cloud-init[715]: |o* .=oB          |
[   10.946942] cloud-init[715]: |o+. .* +         |
[   10.947337] cloud-init[715]: |o=+ . = S o      |
[   10.960404] cloud-init[715]: |*. o o . = o     |
[   10.960744] cloud-init[715]: |E .   . o o      |
[   10.961050] cloud-init[715]: |.      o.        |
[[0;32m  OK  [0m] Started Initial cloud-init job (metadata service crawler).
[   10.976274] cloud-init[715]: |       .o.       |
[   10.977916] cloud-init[715]: +----[SHA256]-----+
[[   10.978294] [0;32m  OK  [0mcloud-init] [715]: Reached target Cloud-config availability.Generating public/private dsa key pair.

[[0;32m  OK  [0m] Reached target Network is Online.
[   10.979122] cloud-init[715]: Your identification has been saved in /etc/ssh/ssh_host_dsa_key.
         Starting Availability of block devices...
[[   10.988723] [0;32m  OK  [0m] Reached target Remote File Systems (Pre).
cloud-init[715]: Your public key has been saved in /etc/ssh/ssh_host_dsa_key.pub.
[[0;32m  OK  [0m] Reached target Remote File Systems.
[   11.000806] [[0;32m  OK  [0m] Reached target System Initialization.
[[0;32m  OK  [0m] Started Ubuntu Advantage Timer for running repeated jobs.
[[0;32m  OK  [0m] Listening on UUID daemon activation socket.
cloud-init[715]: The key fingerprint is:
[[0;32m  OK  [0m] Started ACPI Events Check.
[   11.014514] cloud-init[715]: SHA256:KRcW0j6TTh/sQSukIeO9HUOcQH7Dxc6N+rnHHIvxdKY root@ubuntu-bionic         Starting Socket activation for snappy daemon.
[[0;32m  OK  [0m] Listening on cloud-init hotplug hook socket.
[[0;32m  OK  [0m] Listening on Open-iSCSI iscsid Socket.
[[0;32m  OK  [0m] Listening on D-Bus System Message Bus Socket.
[[0;32m  OK  [0m] Started Daily Cleanup of Temporary Directories.
[[0;32m  OK  [0m] Listening on ACPID Listen Socket.

[   11.017121] cloud-init[715]: The key's randomart image is:
[   11.017150] cloud-init[715]: +---[DSA 1024]----+
[   11.017380] cloud-init[715]: |     .++.o.      |
[   11.017495] cloud-init[715]: |    o..o*oo      |
[   11.017617] cloud-init[715]: |   . +.*** +     |
[   11.017744] cloud-init[715]: |    . ooX+O .    |
[   11.017880] cloud-init[715]: |      .=SX o     |
[   11.018004] cloud-init[715]: |      .o+ + o o  |
[   11.018139] cloud-init[715]: |         . O *   |
[   11.018230] cloud-init[715]: |          + E    |
[   11.018463] cloud-init[715]: |          .o     |
[   11.018589] cloud-init[715]: +----[SHA256]-----+
[   11.018709] cloud-init[715]: Generating public/private ecdsa key pair.
[   11.018843] cloud-init[715]: Your identification has been saved in /etc/ssh/ssh_host_ecdsa_key.
[   11.019045] cloud-init[715]: Your public key has been saved in /etc/ssh/ssh_host_ecdsa_key.pub.
[   11.019207] cloud-init[715]: The key fingerprint is:
[   11.019328] cloud-init[715]: SHA256:ti7tyP9PnMvJT6A+mo64h0uBk/TTaMHmeyll1726cjM root@ubuntu-bionic
[   11.019433] cloud-init[715]: The key's randomart image is:
[   11.019621] cloud-init[715]: +---[ECDSA 256]---+
[   11.019791] cloud-init[715]: |                 |
[[0;32m  OK  [0m] Started Trigger to poll for Ubuntu …(Only enabled on GCP LTS non-pro).
[[0;32m  OK  [0m] Reached target Paths.
[[0;32m  OK  [0m] Started Discard unused blocks once a week.
[[0;32m  OK  [0m] Started Message of the Day.
[[0;32m  OK  [0m] Started Daily apt download activities.
[[0;32m  OK  [0m] Started Daily apt upgrade and clean activities.
[[0;32m  OK  [0m] Reached target Timers.
[   11.019986] cloud-init[715]: |   .             |
         Starting LXD - unix socket.
[   11.027396] cloud-init[[0;32m  OK  [0m] Started Availability of block devices.
[[0;32m  OK  [0m] Listening on Socket activation for snappy daemon.
[[0;32m  OK  [0m] Listening on LXD - unix socket.
[[0;32m  OK  [0m] Reached target Sockets.
[[0;32m  OK  [0m] Reached target Basic System.
[[0;32m  OK  [0m] Started FUSE filesystem for LXC.
         Starting System Logging Service...
[715]: |  . +            |
[[0;32m  OK  [0m] Started D-Bus System Message Bus.
[   11.033056] cloud-init[715]: | . * +   . .     |
[   11.033906] cloud-init[715]: |  + B + S . o    |
[   11.045121] cloud-init[715]: |   o * + . o +   |
[   11.047130] cloud-init[715]: |    +.o.. . = .  |
[   11.056327] cloud-init[715]: |   ..=o+ooE= +   |
[   11.068666] cloud-init[715]: |    +++=B==**..  |
[   11.069103] cloud-init[715]: +----[SHA256]-----+
[   11.080165] cloud-init[715]: Generating public/private ed25519 key pair.
[   11.093697] cloud-init[715]: Your identification has been saved in /etc/ssh/ssh_host_ed25519_key.
[   11.094323] cloud-init[715]: Your public key has been saved in /etc/ssh/ssh_host_ed25519_key.pub.
[[0;32m  OK  [0m] [   11.109496] cloud-init[715]: The key fingerprint is:
[   11.109626] cloud-init[715]: SHA256:+u+skgU8nJZNL2k2xr2gbcE58eJun9ohnxCOb13gfvM root@ubuntu-bionic
[   11.110316] cloud-init[715]: The key's randomart image is:
[   11.110602] cloud-init[715]: +--[ED25519 256]--+
[   11.110880] cloud-init[715]: |                 |
[   11.111129] cloud-init[715]: |        o        |
[   11.111238] cloud-init[715]: |     o B B       |
[   11.111411] cloud-init[715]: |      O ^ =      |
[   11.111484] cloud-init[715]: |     . XSO o     |
[   11.111658] cloud-init[715]: |      .+=.o .    |
[   11.111802] cloud-init[715]: |      o=+o..     |
[   11.112123] cloud-init[715]: |      oo+*o+o    |
Started irqbalance daemon.
[   11.112639] cloud-init[715]: |       +=*X. oE  |
[   11.112819] cloud-init[715]: +----[SHA256]-----+
         Starting Accounts Service...
         Starting Permit User Sessions...
[[0;32m  OK  [0m] Started Regular background program processing daemon.
         Starting LXD - container startup/shutdown...
[[0;32m  OK  [0m] Started Deferred execution scheduler.
         Starting Virtualbox guest utils...
         Starting Pollinate to seed the pseudo random number generator...
         Starting LSB: Record successful boot for GRUB...
         Starting LSB: automatic crash report generation...
         Starting Dispatcher daemon for systemd-networkd...
         Starting Login Service...
         Starting Snap Daemon...
[[0;32m  OK  [0m] Started System Logging Service.
[[0;32m  OK  [0m] Started Permit User Sessions.
[[0;32m  OK  [0m] Started LXD - container startup/shutdown.
[[0;32m  OK  [0m] Started Login Service.
[[0;32m  OK  [0m] Started Unattended Upgrades Shutdown.
         Starting Authorization Manager...
         Starting Hold until boot process finishes up...
         Starting Terminate Plymouth Boot Screen...
[[0;32m  OK  [0m] Started Hold until boot process finishes up.
[[0;32m  OK  [0m] Started Terminate Plymouth Boot Screen.
[[0;32m  OK  [0m] Started Serial Getty on ttyS0.
         Starting Set console scheme...
[[0;32m  OK  [0m] Started Authorization Manager.
[[0;32m  OK  [0m] Started Accounts Service.
[[0;32m  OK  [0m] Started LSB: automatic crash report generation.
[[0;32m  OK  [0m] Started Set console scheme.
[[0;32m  OK  [0m] Created slice system-getty.slice.
[[0;32m  OK  [0m] Started Getty on tty1.
[[0;32m  OK  [0m] Reached target Login Prompts.
[[0;32m  OK  [0m] Started LSB: Record successful boot for GRUB.
[[0;32m  OK  [0m] Started Virtualbox guest utils.
[[0;32m  OK  [0m] Started Dispatcher daemon for systemd-networkd.
[[0;32m  OK  [0m] Started Snap Daemon.
         Starting Wait until snapd is fully seeded...
[[0;32m  OK  [0m] Started Pollinate to seed the pseudo random number generator.
         Starting OpenBSD Secure Shell server...
[[0;32m  OK  [0m] Started OpenBSD Secure Shell server.
[[0;32m  OK  [0m] Created slice User Slice of vagrant.
         Starting User Manager for UID 1000...
[[0;32m  OK  [0m] Started Session 1 of user vagrant.
[[0;32m  OK  [0m] Started User Manager for UID 1000.
[[0;32m  OK  [0m] Started Wait until snapd is fully seeded.
         Starting Apply the settings specified in cloud-config...
[[0;32m  OK  [0m] Reached target Multi-User System.
[[0;32m  OK  [0m] Reached target Graphical Interface.
         Starting Update UTMP about System Runlevel Changes...
[[0;32m  OK  [0m] Started Update UTMP about System Runlevel Changes.
[   16.681380] cloud-init[1574]: Cloud-init v. 21.3-1-g6803368d-0ubuntu1~18.04.4 running 'modules:config' at Sat, 13 Nov 2021 04:04:11 +0000. Up 16.37 seconds.
ci-info: no authorized SSH keys fingerprints found for user ubuntu.
<14>Nov 13 04:04:12 cloud-init: #############################################################
<14>Nov 13 04:04:12 cloud-init: -----BEGIN SSH HOST KEY FINGERPRINTS-----
<14>Nov 13 04:04:12 cloud-init: 1024 SHA256:KRcW0j6TTh/sQSukIeO9HUOcQH7Dxc6N+rnHHIvxdKY root@ubuntu-bionic (DSA)
<14>Nov 13 04:04:12 cloud-init: 256 SHA256:ti7tyP9PnMvJT6A+mo64h0uBk/TTaMHmeyll1726cjM root@ubuntu-bionic (ECDSA)
<14>Nov 13 04:04:12 cloud-init: 256 SHA256:+u+skgU8nJZNL2k2xr2gbcE58eJun9ohnxCOb13gfvM root@ubuntu-bionic (ED25519)
<14>Nov 13 04:04:12 cloud-init: 2048 SHA256:jx2jbgs0sXhAOYugxTLkle0NziWdEgkiJbrNs0gmbCo root@ubuntu-bionic (RSA)
<14>Nov 13 04:04:12 cloud-init: -----END SSH HOST KEY FINGERPRINTS-----
<14>Nov 13 04:04:12 cloud-init: #############################################################
-----BEGIN SSH HOST KEY KEYS-----
ecdsa-sha2-nistp256 AAAAE2VjZHNhLXNoYTItbmlzdHAyNTYAAAAIbmlzdHAyNTYAAABBBI9LKFZoNzfOymU0xXkSquWLT8jWiWlpI/7+CAMdY2bE+9q79QXF31VtVSx4afHZ8c+pLk2V88tzPcTxHpFcBic= root@ubuntu-bionic
ssh-ed25519 AAAAC3NzaC1lZDI1NTE5AAAAINbhs82zHi01os/6dM0F0g/mK8KEHzDV4TV3d6Xr3que root@ubuntu-bionic
ssh-rsa AAAAB3NzaC1yc2EAAAADAQABAAABAQDboL9lt044CLN6ipkm5K9D+kggBSoxTBocwy644aW/3OaDxKPBmxaAeDHp1b1jJrUo8anSB/6fOb3tLM4XhiDT0XLqvSooj0bjP8DEpexIqLh7P16k5KUxZ4DwmRioPKLHnLrEdNfDr0yYEIezBig1kT7/pXcFYGSp9iWJT1DRGLfVhGQ6HxBdYPWjcXxHGgg4LhS+ngPFALw6qUBPVZm0inuJGzu4Wd0153snFwGxAJGxAZxRTA1yGWjFbwF4OgYpK+xZ+U4OB9S5FY2mbqq1fHQ0Bun9Jl5PFxaGEVN5EyFrqLWS0/2wW4xjH8OvKX0w0dVP5e+9dHjsU1wFm8j7 root@ubuntu-bionic
-----END SSH HOST KEY KEYS-----
[   17.248241] cloud-init[1665]: Cloud-init v. 21.3-1-g6803368d-0ubuntu1~18.04.4 running 'modules:final' at Sat, 13 Nov 2021 04:04:12 +0000. Up 17.11 seconds.
[   17.248409] cloud-init[1665]: ci-info: no authorized SSH keys fingerprints found for user ubuntu.
[   17.248693] cloud-init[1665]: Cloud-init v. 21.3-1-g6803368d-0ubuntu1~18.04.4 finished at Sat, 13 Nov 2021 04:04:12 +0000. Datasource DataSourceNoCloud [seed=/dev/sdb][dsmode=net].  Up 17.24 seconds

Ubuntu 18.04.6 LTS ubuntu-bionic ttyS0

ubuntu-bionic login: 